{"meta": {"format": 3, "version": "7.13.4", "timestamp": "2026-03-04T14:10:31.401845", "branch_coverage": false, "show_contexts": false}, "files": {"app\\utils\\command_extractor.py": {"executed_lines": [6, 7, 8, 9, 12, 17, 19, 20, 21, 22, 23, 24, 27, 32, 33, 34, 42, 45, 50, 52, 72, 75, 81, 89, 90, 91, 119, 122, 127, 129, 162, 165, 174, 183, 189, 190, 191, 192, 193, 195, 196, 198, 199, 200, 202, 203, 206, 207, 208, 211, 217, 218, 220, 221, 223, 224, 226, 227, 229, 230, 232, 234, 238, 240, 241, 242, 243, 246, 247, 248, 249, 250, 252, 253, 254, 255, 261, 263, 264, 267, 268, 269, 270, 271, 272, 273, 276, 279, 280, 281, 284, 285, 293, 294, 295, 296, 299, 300, 301, 303, 304, 305, 306, 307, 308, 311, 312, 315, 316, 317, 320, 321, 322, 325, 326, 327, 330, 339, 344, 349, 354, 360, 361, 365, 368, 369, 374, 375, 380, 381, 387, 388, 389, 394, 399, 402, 407, 413, 419, 420, 435, 442, 447, 449, 450, 451, 452, 453, 454, 457, 458, 459, 460, 461, 466, 469, 474, 476, 491, 501, 503, 509, 518, 520, 521, 522, 523, 524, 525, 527, 528, 529, 530, 532, 533, 534, 539, 542, 546, 561, 570, 573, 584, 590, 591, 592, 593, 594, 595, 598, 599, 600, 601, 602, 603, 606, 607, 608, 609, 611, 614, 618, 624, 625, 626, 627, 628, 629, 630, 633, 634, 635, 636, 637, 638, 643, 644, 645, 646, 647, 650, 651, 652, 653, 654, 656, 658, 659, 660, 661, 662, 663, 664, 665, 666, 667, 668, 669, 681, 682, 684, 685, 693, 706, 734, 804], "summary": {"covered_lines": 246, "num_statements": 412, "percent_covered": 59.70873786407767, "percent_covered_display": "60", "missing_lines": 166, "excluded_lines": 0, "percent_statements_covered": 59.70873786407767, "percent_statements_covered_display": "60"}, "missing_lines": [35, 36, 37, 39, 40, 53, 54, 55, 58, 62, 63, 64, 65, 66, 67, 69, 70, 92, 93, 94, 97, 106, 107, 108, 109, 111, 112, 113, 114, 116, 117, 130, 131, 132, 135, 149, 150, 151, 152, 154, 155, 156, 157, 159, 160, 233, 257, 258, 259, 260, 286, 287, 288, 289, 290, 331, 332, 333, 335, 336, 340, 341, 345, 346, 350, 351, 355, 356, 370, 371, 376, 377, 382, 383, 391, 396, 397, 414, 415, 416, 421, 424, 425, 426, 428, 429, 430, 432, 433, 463, 464, 536, 537, 639, 640, 670, 671, 672, 674, 675, 677, 678, 679, 743, 750, 752, 753, 754, 755, 756, 757, 759, 761, 762, 763, 764, 765, 766, 769, 770, 771, 772, 773, 774, 775, 776, 777, 780, 781, 782, 783, 784, 787, 788, 789, 790, 793, 794, 796, 798, 799, 801, 816, 826, 834, 836, 837, 838, 839, 842, 844, 845, 846, 849, 850, 851, 852, 853, 854, 855, 857, 858, 859, 860, 862, 863], "excluded_lines": [], "functions": {"_parse_vite_config": {"executed_lines": [17, 19, 20, 21, 22, 23, 24, 27, 32, 33, 34, 42], "summary": {"covered_lines": 12, "num_statements": 17, "percent_covered": 70.58823529411765, "percent_covered_display": "71", "missing_lines": 5, "excluded_lines": 0, "percent_statements_covered": 70.58823529411765, "percent_statements_covered_display": "71"}, "missing_lines": [35, 36, 37, 39, 40], "excluded_lines": [], "start_line": 12}, "_parse_vue_config": {"executed_lines": [50, 52, 72], "summary": {"covered_lines": 3, "num_statements": 15, "percent_covered": 20.0, "percent_covered_display": "20", "missing_lines": 12, "excluded_lines": 0, "percent_statements_covered": 20.0, "percent_statements_covered_display": "20"}, "missing_lines": [53, 54, 55, 58, 62, 63, 64, 65, 66, 67, 69, 70], "excluded_lines": [], "start_line": 45}, "_parse_webpack_config": {"executed_lines": [81, 89, 90, 91, 119], "summary": {"covered_lines": 5, "num_statements": 19, "percent_covered": 26.31578947368421, "percent_covered_display": "26", "missing_lines": 14, "excluded_lines": 0, "percent_statements_covered": 26.31578947368421, "percent_statements_covered_display": "26"}, "missing_lines": [92, 93, 94, 97, 106, 107, 108, 109, 111, 112, 113, 114, 116, 117], "excluded_lines": [], "start_line": 75}, "_parse_gitignore_for_build_dir": {"executed_lines": [127, 129, 162], "summary": {"covered_lines": 3, "num_statements": 17, "percent_covered": 17.647058823529413, "percent_covered_display": "18", "missing_lines": 14, "excluded_lines": 0, "percent_statements_covered": 17.647058823529413, "percent_statements_covered_display": "18"}, "missing_lines": [130, 131, 132, 135, 149, 150, 151, 152, 154, 155, 156, 157, 159, 160], "excluded_lines": [], "start_line": 122}, "extract_nodejs_commands": {"executed_lines": [174, 183, 189, 190, 191, 192, 193, 195, 196, 198, 199, 200, 202, 203, 206, 207, 208, 211, 238, 240, 241, 242, 243, 246, 247, 248, 249, 250, 252, 253, 254, 255, 261, 263, 264, 267, 268, 269, 270, 271, 272, 273, 276, 279, 280, 281, 284, 285, 293, 294, 295, 296, 299, 300, 301, 303, 304, 305, 306, 307, 308, 311, 312, 315, 316, 317, 320, 321, 322, 325, 326, 327, 330, 339, 344, 349, 354, 360, 361, 365, 368, 369, 374, 375, 380, 381, 387, 388, 389, 394, 399], "summary": {"covered_lines": 91, "num_statements": 122, "percent_covered": 74.59016393442623, "percent_covered_display": "75", "missing_lines": 31, "excluded_lines": 0, "percent_statements_covered": 74.59016393442623, "percent_statements_covered_display": "75"}, "missing_lines": [257, 258, 259, 260, 286, 287, 288, 289, 290, 331, 332, 333, 335, 336, 340, 341, 345, 346, 350, 351, 355, 356, 370, 371, 376, 377, 382, 383, 391, 396, 397], "excluded_lines": [], "start_line": 165}, "extract_nodejs_commands.extract_entry_from_script": {"executed_lines": [217, 218, 220, 221, 223, 224, 226, 227, 229, 230, 232, 234], "summary": {"covered_lines": 12, "num_statements": 13, "percent_covered": 92.3076923076923, "percent_covered_display": "92", "missing_lines": 1, "excluded_lines": 0, "percent_statements_covered": 92.3076923076923, "percent_statements_covered_display": "92"}, "missing_lines": [233], "excluded_lines": [], "start_line": 211}, "extract_python_commands": {"executed_lines": [407, 413, 419, 420, 435], "summary": {"covered_lines": 5, "num_statements": 17, "percent_covered": 29.41176470588235, "percent_covered_display": "29", "missing_lines": 12, "excluded_lines": 0, "percent_statements_covered": 29.41176470588235, "percent_statements_covered_display": "29"}, "missing_lines": [414, 415, 416, 421, 424, 425, 426, 428, 429, 430, 432, 433], "excluded_lines": [], "start_line": 402}, "_parse_env_for_port": {"executed_lines": [447, 449, 450, 451, 452, 453, 454, 457, 458, 459, 460, 461, 466], "summary": {"covered_lines": 13, "num_statements": 15, "percent_covered": 86.66666666666667, "percent_covered_display": "87", "missing_lines": 2, "excluded_lines": 0, "percent_statements_covered": 86.66666666666667, "percent_statements_covered_display": "87"}, "missing_lines": [463, 464], "excluded_lines": [], "start_line": 442}, "_scan_source_for_port": {"executed_lines": [474, 476, 491, 501, 503, 509, 518, 520, 521, 522, 523, 524, 525, 527, 528, 529, 530, 532, 533, 534, 539], "summary": {"covered_lines": 21, "num_statements": 23, "percent_covered": 91.30434782608695, "percent_covered_display": "91", "missing_lines": 2, "excluded_lines": 0, "percent_statements_covered": 91.30434782608695, "percent_statements_covered_display": "91"}, "missing_lines": [536, 537], "excluded_lines": [], "start_line": 469}, "_get_framework_default_port": {"executed_lines": [546, 561, 570], "summary": {"covered_lines": 3, "num_statements": 3, "percent_covered": 100.0, "percent_covered_display": "100", "missing_lines": 0, "excluded_lines": 0, "percent_statements_covered": 100.0, "percent_statements_covered_display": "100"}, "missing_lines": [], "excluded_lines": [], "start_line": 542}, "extract_port_from_project": {"executed_lines": [584, 590, 591, 592, 593, 594, 595, 598, 599, 600, 601, 602, 603, 606, 607, 608, 609, 611], "summary": {"covered_lines": 18, "num_statements": 18, "percent_covered": 100.0, "percent_covered_display": "100", "missing_lines": 0, "excluded_lines": 0, "percent_statements_covered": 100.0, "percent_statements_covered_display": "100"}, "missing_lines": [], "excluded_lines": [], "start_line": 573}, "extract_frontend_port": {"executed_lines": [618, 624, 625, 626, 627, 628, 629, 630, 633, 634, 635, 636, 637, 638, 643, 644, 645, 646, 647, 650, 651, 652, 653, 654, 656, 658, 659, 660, 661, 662, 663, 664, 665, 666, 667, 668, 669, 681, 682, 684, 685], "summary": {"covered_lines": 41, "num_statements": 51, "percent_covered": 80.3921568627451, "percent_covered_display": "80", "missing_lines": 10, "excluded_lines": 0, "percent_statements_covered": 80.3921568627451, "percent_statements_covered_display": "80"}, "missing_lines": [639, 640, 670, 671, 672, 674, 675, 677, 678, 679], "excluded_lines": [], "start_line": 614}, "_parse_env_for_database": {"executed_lines": [], "summary": {"covered_lines": 0, "num_statements": 39, "percent_covered": 0.0, "percent_covered_display": "0", "missing_lines": 39, "excluded_lines": 0, "percent_statements_covered": 0.0, "percent_statements_covered_display": "0"}, "missing_lines": [743, 750, 752, 753, 754, 755, 756, 757, 759, 761, 762, 763, 764, 765, 766, 769, 770, 771, 772, 773, 774, 775, 776, 777, 780, 781, 782, 783, 784, 787, 788, 789, 790, 793, 794, 796, 798, 799, 801], "excluded_lines": [], "start_line": 734}, "extract_database_info": {"executed_lines": [], "summary": {"covered_lines": 0, "num_statements": 24, "percent_covered": 0.0, "percent_covered_display": "0", "missing_lines": 24, "excluded_lines": 0, "percent_statements_covered": 0.0, "percent_statements_covered_display": "0"}, "missing_lines": [816, 826, 834, 836, 837, 838, 839, 842, 844, 845, 846, 849, 850, 851, 852, 853, 854, 855, 857, 858, 859, 860, 862, 863], "excluded_lines": [], "start_line": 804}, "": {"executed_lines": [6, 7, 8, 9, 12, 45, 75, 122, 165, 402, 442, 469, 542, 573, 614, 693, 706, 734, 804], "summary": {"covered_lines": 19, "num_statements": 19, "percent_covered": 100.0, "percent_covered_display": "100", "missing_lines": 0, "excluded_lines": 0, "percent_statements_covered": 100.0, "percent_statements_covered_display": "100"}, "missing_lines": [], "excluded_lines": [], "start_line": 1}}, "classes": {"": {"executed_lines": [6, 7, 8, 9, 12, 17, 19, 20, 21, 22, 23, 24, 27, 32, 33, 34, 42, 45, 50, 52, 72, 75, 81, 89, 90, 91, 119, 122, 127, 129, 162, 165, 174, 183, 189, 190, 191, 192, 193, 195, 196, 198, 199, 200, 202, 203, 206, 207, 208, 211, 217, 218, 220, 221, 223, 224, 226, 227, 229, 230, 232, 234, 238, 240, 241, 242, 243, 246, 247, 248, 249, 250, 252, 253, 254, 255, 261, 263, 264, 267, 268, 269, 270, 271, 272, 273, 276, 279, 280, 281, 284, 285, 293, 294, 295, 296, 299, 300, 301, 303, 304, 305, 306, 307, 308, 311, 312, 315, 316, 317, 320, 321, 322, 325, 326, 327, 330, 339, 344, 349, 354, 360, 361, 365, 368, 369, 374, 375, 380, 381, 387, 388, 389, 394, 399, 402, 407, 413, 419, 420, 435, 442, 447, 449, 450, 451, 452, 453, 454, 457, 458, 459, 460, 461, 466, 469, 474, 476, 491, 501, 503, 509, 518, 520, 521, 522, 523, 524, 525, 527, 528, 529, 530, 532, 533, 534, 539, 542, 546, 561, 570, 573, 584, 590, 591, 592, 593, 594, 595, 598, 599, 600, 601, 602, 603, 606, 607, 608, 609, 611, 614, 618, 624, 625, 626, 627, 628, 629, 630, 633, 634, 635, 636, 637, 638, 643, 644, 645, 646, 647, 650, 651, 652, 653, 654, 656, 658, 659, 660, 661, 662, 663, 664, 665, 666, 667, 668, 669, 681, 682, 684, 685, 693, 706, 734, 804], "summary": {"covered_lines": 246, "num_statements": 412, "percent_covered": 59.70873786407767, "percent_covered_display": "60", "missing_lines": 166, "excluded_lines": 0, "percent_statements_covered": 59.70873786407767, "percent_statements_covered_display": "60"}, "missing_lines": [35, 36, 37, 39, 40, 53, 54, 55, 58, 62, 63, 64, 65, 66, 67, 69, 70, 92, 93, 94, 97, 106, 107, 108, 109, 111, 112, 113, 114, 116, 117, 130, 131, 132, 135, 149, 150, 151, 152, 154, 155, 156, 157, 159, 160, 233, 257, 258, 259, 260, 286, 287, 288, 289, 290, 331, 332, 333, 335, 336, 340, 341, 345, 346, 350, 351, 355, 356, 370, 371, 376, 377, 382, 383, 391, 396, 397, 414, 415, 416, 421, 424, 425, 426, 428, 429, 430, 432, 433, 463, 464, 536, 537, 639, 640, 670, 671, 672, 674, 675, 677, 678, 679, 743, 750, 752, 753, 754, 755, 756, 757, 759, 761, 762, 763, 764, 765, 766, 769, 770, 771, 772, 773, 774, 775, 776, 777, 780, 781, 782, 783, 784, 787, 788, 789, 790, 793, 794, 796, 798, 799, 801, 816, 826, 834, 836, 837, 838, 839, 842, 844, 845, 846, 849, 850, 851, 852, 853, 854, 855, 857, 858, 859, 860, 862, 863], "excluded_lines": [], "start_line": 1}}}, "app\\utils\\detector.py": {"executed_lines": [1, 2, 3, 4, 5, 6, 7, 8, 18, 63, 121, 135, 171, 176, 182, 187, 191, 196, 199, 201, 203, 204, 207, 209, 211, 212, 213, 214, 215, 221, 222, 223, 224, 225, 227, 228, 229, 230, 231, 233, 234, 235, 236, 237, 238, 239, 240, 241, 242, 243, 244, 245, 246, 248, 249, 251, 254, 257, 303, 314, 321, 322, 324, 327, 329, 335, 336, 338, 339, 340, 342, 343, 344, 345, 347, 348, 349, 354, 357, 359, 360, 362, 363, 364, 365, 366, 367, 368, 369, 370, 371, 372, 376, 379, 381, 382, 386, 387, 388, 389, 390, 391, 392, 393, 394, 395, 398, 401, 403, 404, 409, 410, 411, 413, 414, 415, 416, 418, 420, 421, 424, 427, 428, 429, 430, 432, 438, 440, 441, 443, 450, 453, 454, 456, 457, 458, 460, 461, 462, 464, 465, 466, 467, 468, 470, 471, 472, 473, 475, 476, 477, 478, 480, 481, 483, 484, 485, 486, 493, 494, 496, 497, 498, 499, 501, 503, 504, 506, 509, 512, 513, 515, 516, 518, 519, 520, 521, 522, 523, 524, 525, 529, 530, 531, 532, 533, 534, 535, 536, 537, 541, 542, 551, 552, 561, 562, 563, 564, 565, 567, 568, 570, 571, 572, 573, 575, 576, 577, 578, 580, 581, 582, 584, 585, 586, 587, 588, 589, 596, 597, 600, 601, 602, 603, 604, 605, 606, 607, 609, 611, 612, 614, 620, 625, 633, 634, 635, 638, 639, 640, 641, 643, 644, 645, 646, 647, 648, 649, 650, 651, 652, 653, 655, 658, 664, 665, 666, 667, 668, 669, 670, 671, 672, 673, 674, 675, 676, 677, 682, 683, 684, 687, 688, 689, 690, 691, 694, 701, 702, 703, 705, 706, 708, 709, 710, 711, 715, 716, 717, 719, 720, 721, 722, 723, 724, 726, 728, 729, 734, 736, 739, 752, 754, 755, 757, 758, 760, 761, 763, 764, 767, 768, 769, 772, 773, 776, 777, 781, 782, 784, 787, 792, 793, 794, 795, 796, 797, 798, 799, 800, 801, 802, 806, 807, 808, 809, 810, 811, 814, 821, 822, 823, 824, 825, 826, 828, 831, 838, 840, 841, 843, 844, 847, 848, 851, 852, 853, 854, 855, 856, 857, 858, 859, 860, 865, 866, 867, 868, 869, 870, 871, 872, 873, 874, 875, 880, 881, 882, 883, 884, 885, 886, 887, 888, 890, 894, 895, 898, 899, 900, 902, 903, 904, 905, 908, 909, 912, 913, 914, 915, 916, 917, 918, 919, 920, 921, 922, 927, 930, 931, 932, 933, 935, 936, 943, 944, 945, 946, 947, 951, 952, 964, 966, 969, 978, 980, 981, 982, 984, 985, 986, 991, 992, 995, 1013, 1016, 1019, 1022, 1025, 1028, 1029, 1031, 1032, 1033, 1034, 1035, 1038, 1039, 1040, 1041, 1042, 1043, 1045, 1046, 1047, 1049, 1051, 1052, 1065, 1066, 1067, 1071, 1072, 1075, 1076, 1077, 1078, 1080, 1093, 1094, 1095, 1097, 1098, 1100, 1102, 1104, 1105, 1108, 1109, 1110, 1112, 1124, 1127, 1128, 1129, 1130, 1131, 1136, 1147, 1148, 1149, 1160, 1168, 1169, 1171, 1174, 1175, 1176, 1177, 1181, 1235, 1236, 1237, 1238, 1239, 1241, 1242, 1244, 1246, 1247, 1248, 1250, 1269, 1270, 1272, 1275, 1278, 1285, 1286, 1295, 1296, 1298, 1299, 1304, 1305, 1308, 1309, 1310, 1312, 1313, 1314, 1315, 1320, 1321, 1323, 1324, 1325, 1326, 1327, 1328, 1329, 1330, 1331, 1332, 1334, 1336, 1339, 1342, 1350, 1351, 1352, 1354, 1355, 1356, 1357, 1358, 1359, 1361, 1363, 1364, 1365, 1366, 1368, 1371, 1372, 1373, 1374, 1379, 1380, 1382, 1385, 1386, 1389, 1393, 1394, 1397, 1400, 1405, 1406, 1410, 1411, 1413, 1414, 1415, 1420, 1421, 1423, 1424, 1425, 1427, 1428, 1429, 1430, 1431, 1432, 1433, 1434, 1435, 1440, 1442, 1447, 1448, 1451, 1452, 1455, 1477, 1478, 1480, 1481, 1482, 1487, 1488, 1571, 1580, 1581, 1583, 1584, 1586, 1587, 1588, 1589, 1590, 1591, 1592, 1593, 1594, 1596, 1597, 1598, 1599, 1600, 1601, 1605, 1608, 1613, 1615, 1616, 1617, 1618, 1619, 1620, 1621, 1624, 1651, 1652, 1655, 1657, 1658, 1659, 1661, 1662, 1663, 1664, 1665, 1666, 1673, 1675, 1682, 1683, 1684, 1686, 1687, 1688, 1689, 1690, 1693, 1699, 1705, 1706, 1708, 1711, 1713, 1715, 1716, 1717, 1720, 1721, 1722, 1725, 1726, 1727, 1730, 1732, 1736, 1739, 1740, 1741, 1743, 1749, 1750, 1771, 1772, 1775, 1783, 1785, 1787, 1789, 1792, 1795, 1796, 1800, 1803, 1808, 1811, 1814, 1815, 1816, 1818, 1822, 1827, 1828, 1831, 1832, 1843, 1845, 1849, 1853, 1856, 1858, 1859, 1860, 1861, 1864, 1865, 1866, 1867, 1869, 1895, 1896, 1897, 1899, 1900, 1901, 1905, 1908, 1911, 1935, 1944, 1945, 1954, 1961, 1962, 1963, 1966, 1968, 1969, 1970, 1973, 1974, 1975, 1977, 1978, 1979, 1982, 1986, 1997, 1998, 1999, 2000, 2001, 2002, 2005, 2008, 2013, 2014, 2016, 2017, 2018, 2019, 2020, 2024, 2025, 2030, 2033, 2045, 2048, 2049, 2050, 2051, 2052, 2053, 2054, 2059, 2060, 2062, 2063, 2064, 2065, 2067, 2068, 2069, 2070, 2077, 2078, 2079, 2081, 2082, 2084, 2085, 2086, 2089, 2090, 2091, 2092, 2093, 2094, 2097, 2098, 2099, 2100, 2103, 2104, 2105, 2106, 2108, 2109, 2110, 2112, 2113, 2121, 2122, 2123, 2125, 2130, 2133, 2135, 2143, 2156, 2157, 2158, 2161, 2164, 2165, 2166, 2168, 2170, 2212, 2213, 2214, 2215, 2217, 2218, 2219, 2220, 2221, 2224, 2245, 2246, 2257, 2258, 2262, 2263, 2264, 2265, 2266, 2267, 2268, 2269, 2270, 2271, 2272, 2273, 2275, 2276, 2277, 2281, 2282, 2283, 2285, 2286, 2291, 2292, 2293, 2294, 2295, 2298, 2301, 2302, 2303, 2306, 2313, 2323, 2330, 2333, 2334, 2335, 2336, 2337, 2338, 2339, 2340, 2343, 2344, 2349, 2350, 2351, 2352, 2353, 2355, 2356, 2357, 2358, 2359, 2361, 2364, 2365, 2366, 2367, 2370, 2371, 2372, 2375, 2384, 2385, 2386, 2390, 2394, 2396, 2397, 2399, 2401, 2402, 2404, 2405, 2406, 2407, 2408, 2409, 2410, 2411, 2412, 2413, 2414, 2415, 2416, 2417, 2418, 2419, 2420, 2421, 2424, 2425, 2439, 2440, 2441, 2442, 2444, 2446, 2447, 2448, 2449, 2450, 2455, 2456, 2457, 2458, 2459, 2467, 2468, 2469, 2475, 2476, 2481, 2482, 2484, 2485, 2489, 2490, 2491, 2494, 2495, 2496, 2497, 2500, 2502, 2503, 2504, 2505, 2508, 2511, 2512, 2516, 2517, 2518, 2519, 2521], "summary": {"covered_lines": 986, "num_statements": 1289, "percent_covered": 76.49340574088441, "percent_covered_display": "76", "missing_lines": 303, "excluded_lines": 1, "percent_statements_covered": 76.49340574088441, "percent_statements_covered_display": "76"}, "missing_lines": [202, 351, 352, 373, 374, 396, 397, 434, 435, 436, 445, 446, 447, 487, 488, 490, 491, 526, 527, 538, 539, 543, 544, 545, 546, 547, 548, 549, 553, 554, 555, 556, 557, 558, 559, 590, 591, 593, 594, 636, 678, 679, 712, 713, 861, 862, 876, 877, 889, 891, 892, 923, 924, 925, 926, 937, 938, 939, 940, 949, 988, 989, 1132, 1133, 1134, 1137, 1138, 1139, 1150, 1151, 1152, 1178, 1179, 1182, 1183, 1184, 1185, 1187, 1188, 1189, 1190, 1191, 1192, 1193, 1195, 1196, 1198, 1199, 1200, 1202, 1203, 1206, 1207, 1208, 1209, 1210, 1211, 1212, 1214, 1215, 1218, 1219, 1220, 1221, 1222, 1223, 1225, 1226, 1231, 1232, 1251, 1258, 1259, 1267, 1273, 1306, 1316, 1317, 1318, 1337, 1375, 1376, 1390, 1422, 1436, 1437, 1438, 1439, 1443, 1444, 1445, 1483, 1484, 1491, 1492, 1493, 1495, 1496, 1497, 1498, 1499, 1500, 1502, 1503, 1505, 1506, 1507, 1509, 1510, 1511, 1514, 1515, 1516, 1517, 1520, 1522, 1524, 1530, 1531, 1533, 1537, 1538, 1541, 1543, 1544, 1546, 1548, 1549, 1552, 1553, 1556, 1557, 1558, 1559, 1560, 1562, 1563, 1565, 1566, 1568, 1602, 1603, 1660, 1667, 1668, 1669, 1670, 1671, 1672, 1694, 1695, 1696, 1700, 1701, 1702, 1731, 1744, 1752, 1753, 1756, 1757, 1758, 1760, 1763, 1764, 1765, 1767, 1768, 1773, 1788, 1790, 1797, 1801, 1809, 1819, 1823, 1829, 1833, 1840, 1844, 1846, 1850, 1870, 1871, 1872, 1874, 1875, 1877, 1878, 1879, 1882, 1883, 1884, 1885, 1886, 1887, 1889, 1890, 1891, 1892, 1906, 1909, 1980, 1981, 1987, 1988, 1990, 1991, 1992, 1993, 1994, 2003, 2006, 2009, 2021, 2022, 2026, 2027, 2055, 2056, 2071, 2072, 2225, 2226, 2227, 2228, 2230, 2231, 2232, 2233, 2235, 2236, 2237, 2239, 2240, 2241, 2242, 2247, 2252, 2253, 2278, 2279, 2296, 2299, 2315, 2316, 2317, 2318, 2319, 2391, 2392, 2431, 2432, 2452, 2453, 2460, 2513, 2514, 2523, 2524, 2525, 2526, 2527], "excluded_lines": [1456], "functions": {"norm_path": {"executed_lines": [201, 203, 204], "summary": {"covered_lines": 3, "num_statements": 4, "percent_covered": 75.0, "percent_covered_display": "75", "missing_lines": 1, "excluded_lines": 0, "percent_statements_covered": 75.0, "percent_statements_covered_display": "75"}, "missing_lines": [202], "excluded_lines": [], "start_line": 199}, "parse_dependencies_file": {"executed_lines": [209, 211, 212, 213, 214, 215, 221, 222, 223, 224, 225, 227, 228, 229, 230, 231, 233, 234, 235, 236, 237, 238, 239, 240, 241, 242, 243, 244, 245, 246, 248, 249, 251], "summary": {"covered_lines": 33, "num_statements": 33, "percent_covered": 100.0, "percent_covered_display": "100", "missing_lines": 0, "excluded_lines": 0, "percent_statements_covered": 100.0, "percent_statements_covered_display": "100"}, "missing_lines": [], "excluded_lines": [], "start_line": 207}, "get_runtime_info": {"executed_lines": [257, 303, 314, 321, 322, 324], "summary": {"covered_lines": 6, "num_statements": 6, "percent_covered": 100.0, "percent_covered_display": "100", "missing_lines": 0, "excluded_lines": 0, "percent_statements_covered": 100.0, "percent_statements_covered_display": "100"}, "missing_lines": [], "excluded_lines": [], "start_line": 254}, "detect_docker_files": {"executed_lines": [329, 335, 336, 338, 339, 340, 342, 343, 344, 345, 347, 348, 349, 354], "summary": {"covered_lines": 14, "num_statements": 16, "percent_covered": 87.5, "percent_covered_display": "88", "missing_lines": 2, "excluded_lines": 0, "percent_statements_covered": 87.5, "percent_statements_covered_display": "88"}, "missing_lines": [351, 352], "excluded_lines": [], "start_line": 327}, "detect_env_variables": {"executed_lines": [359, 360, 362, 363, 364, 365, 366, 367, 368, 369, 370, 371, 372, 376], "summary": {"covered_lines": 14, "num_statements": 16, "percent_covered": 87.5, "percent_covered_display": "88", "missing_lines": 2, "excluded_lines": 0, "percent_statements_covered": 87.5, "percent_statements_covered_display": "88"}, "missing_lines": [373, 374], "excluded_lines": [], "start_line": 357}, "_read_env_key_values": {"executed_lines": [381, 382, 386, 387, 388, 389, 390, 391, 392, 393, 394, 395, 398], "summary": {"covered_lines": 13, "num_statements": 15, "percent_covered": 86.66666666666667, "percent_covered_display": "87", "missing_lines": 2, "excluded_lines": 0, "percent_statements_covered": 86.66666666666667, "percent_statements_covered_display": "87"}, "missing_lines": [396, 397], "excluded_lines": [], "start_line": 379}, "find_project_root": {"executed_lines": [403, 404, 409, 438, 440, 441, 443], "summary": {"covered_lines": 7, "num_statements": 10, "percent_covered": 70.0, "percent_covered_display": "70", "missing_lines": 3, "excluded_lines": 0, "percent_statements_covered": 70.0, "percent_statements_covered_display": "70"}, "missing_lines": [445, 446, 447], "excluded_lines": [], "start_line": 401}, "find_project_root.search_recursively": {"executed_lines": [410, 411, 413, 414, 415, 416, 418, 420, 421, 424, 427, 428, 429, 430, 432], "summary": {"covered_lines": 15, "num_statements": 18, "percent_covered": 83.33333333333333, "percent_covered_display": "83", "missing_lines": 3, "excluded_lines": 0, "percent_statements_covered": 83.33333333333333, "percent_statements_covered_display": "83"}, "missing_lines": [434, 435, 436], "excluded_lines": [], "start_line": 409}, "heuristic_language_detection": {"executed_lines": [453, 454, 456, 457, 458, 460, 461, 462, 464, 465, 466, 467, 468, 470, 471, 472, 473, 475, 476, 477, 478, 480, 481, 483, 484, 485, 486, 493, 494, 496, 497, 498, 499, 501, 503, 504, 506], "summary": {"covered_lines": 37, "num_statements": 41, "percent_covered": 90.2439024390244, "percent_covered_display": "90", "missing_lines": 4, "excluded_lines": 0, "percent_statements_covered": 90.2439024390244, "percent_statements_covered_display": "90"}, "missing_lines": [487, 488, 490, 491], "excluded_lines": [], "start_line": 450}, "heuristic_framework_detection": {"executed_lines": [512, 513, 515, 516, 518, 519, 520, 521, 522, 523, 524, 525, 529, 530, 531, 532, 533, 534, 535, 536, 537, 541, 542, 551, 552, 561, 562, 563, 564, 565, 567, 568, 570, 571, 572, 573, 575, 576, 577, 578, 580, 581, 582, 584, 585, 586, 587, 588, 589, 596, 597, 600, 601, 602, 603, 604, 605, 606, 607, 609, 611, 612, 614], "summary": {"covered_lines": 63, "num_statements": 85, "percent_covered": 74.11764705882354, "percent_covered_display": "74", "missing_lines": 22, "excluded_lines": 0, "percent_statements_covered": 74.11764705882354, "percent_statements_covered_display": "74"}, "missing_lines": [526, 527, 538, 539, 543, 544, 545, 546, 547, 548, 549, 553, 554, 555, 556, 557, 558, 559, 590, 591, 593, 594], "excluded_lines": [], "start_line": 509}, "_detect_fullstack_structure": {"executed_lines": [625, 633, 634, 635, 638, 639, 640, 641, 643, 644, 645, 646, 647, 648, 649, 650, 651, 652, 653, 655], "summary": {"covered_lines": 20, "num_statements": 21, "percent_covered": 95.23809523809524, "percent_covered_display": "95", "missing_lines": 1, "excluded_lines": 0, "percent_statements_covered": 95.23809523809524, "percent_statements_covered_display": "95"}, "missing_lines": [636], "excluded_lines": [], "start_line": 620}, "_infer_service_type": {"executed_lines": [664, 665, 666, 667, 668, 669, 670, 671, 672, 673, 674, 675, 676, 677, 682, 683, 684, 687, 688, 689, 690, 691], "summary": {"covered_lines": 22, "num_statements": 24, "percent_covered": 91.66666666666667, "percent_covered_display": "92", "missing_lines": 2, "excluded_lines": 0, "percent_statements_covered": 91.66666666666667, "percent_statements_covered_display": "92"}, "missing_lines": [678, 679], "excluded_lines": [], "start_line": 658}, "_find_all_services_by_deps": {"executed_lines": [701, 702, 703, 705, 706, 708, 709, 710, 711, 715, 716, 717, 719, 720, 721, 722, 723, 724, 726, 728, 729, 734, 736], "summary": {"covered_lines": 23, "num_statements": 25, "percent_covered": 92.0, "percent_covered_display": "92", "missing_lines": 2, "excluded_lines": 0, "percent_statements_covered": 92.0, "percent_statements_covered_display": "92"}, "missing_lines": [712, 713], "excluded_lines": [], "start_line": 694}, "_suppress_root_if_children_found": {"executed_lines": [752, 754, 757, 758, 760, 761, 763, 764, 767, 768, 769, 772, 773, 776, 777, 781, 782, 784], "summary": {"covered_lines": 18, "num_statements": 18, "percent_covered": 100.0, "percent_covered_display": "100", "missing_lines": 0, "excluded_lines": 0, "percent_statements_covered": 100.0, "percent_statements_covered_display": "100"}, "missing_lines": [], "excluded_lines": [], "start_line": 739}, "_suppress_root_if_children_found.is_root": {"executed_lines": [755], "summary": {"covered_lines": 1, "num_statements": 1, "percent_covered": 100.0, "percent_covered_display": "100", "missing_lines": 0, "excluded_lines": 0, "percent_statements_covered": 100.0, "percent_statements_covered_display": "100"}, "missing_lines": [], "excluded_lines": [], "start_line": 754}, "_drop_empty_shells": {"executed_lines": [792, 793, 794, 795, 796, 797, 798, 799, 800, 801, 802], "summary": {"covered_lines": 11, "num_statements": 11, "percent_covered": 100.0, "percent_covered_display": "100", "missing_lines": 0, "excluded_lines": 0, "percent_statements_covered": 100.0, "percent_statements_covered_display": "100"}, "missing_lines": [], "excluded_lines": [], "start_line": 787}, "_normalize_service_path": {"executed_lines": [807, 808, 809, 810, 811], "summary": {"covered_lines": 5, "num_statements": 5, "percent_covered": 100.0, "percent_covered_display": "100", "missing_lines": 0, "excluded_lines": 0, "percent_statements_covered": 100.0, "percent_statements_covered_display": "100"}, "missing_lines": [], "excluded_lines": [], "start_line": 806}, "_detect_package_manager": {"executed_lines": [821, 822, 823, 824, 825, 826, 828], "summary": {"covered_lines": 7, "num_statements": 7, "percent_covered": 100.0, "percent_covered_display": "100", "missing_lines": 0, "excluded_lines": 0, "percent_statements_covered": 100.0, "percent_statements_covered_display": "100"}, "missing_lines": [], "excluded_lines": [], "start_line": 814}, "_find_python_services": {"executed_lines": [838, 840, 841, 843, 844, 847, 848, 851, 852, 853, 854, 855, 856, 857, 858, 859, 860, 865, 866, 867, 868, 869, 870, 871, 872, 873, 874, 875, 880, 881, 882, 883, 884, 885, 886, 887, 888, 890, 894, 895, 898, 899, 900, 902, 903, 904, 905, 908, 909, 912, 913, 914, 915, 916, 917, 918, 919, 920, 921, 922, 927, 930, 931, 932, 933, 935, 936, 943, 944, 945, 946, 947, 951, 952, 964, 966], "summary": {"covered_lines": 76, "num_statements": 92, "percent_covered": 82.6086956521739, "percent_covered_display": "83", "missing_lines": 16, "excluded_lines": 0, "percent_statements_covered": 82.6086956521739, "percent_statements_covered_display": "83"}, "missing_lines": [861, 862, 876, 877, 889, 891, 892, 923, 924, 925, 926, 937, 938, 939, 940, 949], "excluded_lines": [], "start_line": 831}, "_merge_node_python_stubs": {"executed_lines": [978, 980, 981, 982, 984, 985, 986, 991, 992], "summary": {"covered_lines": 9, "num_statements": 11, "percent_covered": 81.81818181818181, "percent_covered_display": "82", "missing_lines": 2, "excluded_lines": 0, "percent_statements_covered": 81.81818181818181, "percent_statements_covered_display": "82"}, "missing_lines": [988, 989], "excluded_lines": [], "start_line": 969}, "infer_services": {"executed_lines": [1013, 1016, 1019, 1022, 1025, 1028, 1029, 1031, 1032, 1033, 1034, 1035, 1038, 1039, 1040, 1041, 1042, 1043, 1045, 1046, 1047, 1049, 1051, 1052, 1065, 1066, 1067, 1071, 1072, 1075, 1076, 1077, 1078, 1080, 1093, 1094, 1095, 1097, 1098, 1100, 1102, 1104, 1105, 1108, 1109, 1110, 1112, 1124, 1127, 1128, 1129, 1130, 1131, 1136, 1147, 1148, 1149, 1160, 1168, 1169, 1171, 1174, 1175, 1176, 1177, 1181, 1235, 1236, 1237, 1238, 1239, 1241, 1242, 1244, 1246, 1247, 1248, 1250, 1269, 1270, 1272, 1275], "summary": {"covered_lines": 82, "num_statements": 135, "percent_covered": 60.74074074074074, "percent_covered_display": "61", "missing_lines": 53, "excluded_lines": 0, "percent_statements_covered": 60.74074074074074, "percent_statements_covered_display": "61"}, "missing_lines": [1132, 1133, 1134, 1137, 1138, 1139, 1150, 1151, 1152, 1178, 1179, 1182, 1183, 1184, 1185, 1187, 1188, 1189, 1190, 1191, 1192, 1193, 1195, 1196, 1198, 1199, 1200, 1202, 1203, 1206, 1207, 1208, 1209, 1210, 1211, 1212, 1214, 1215, 1218, 1219, 1220, 1221, 1222, 1223, 1225, 1226, 1231, 1232, 1251, 1258, 1259, 1267, 1273], "excluded_lines": [], "start_line": 995}, "_scan_js_for_port_hint": {"executed_lines": [1285, 1286, 1295, 1296, 1298, 1299, 1304, 1305, 1308, 1309, 1310, 1312, 1313, 1314, 1315, 1320, 1321, 1323, 1324, 1325, 1326, 1327, 1328, 1329, 1330, 1331, 1332, 1334, 1336, 1339], "summary": {"covered_lines": 30, "num_statements": 35, "percent_covered": 85.71428571428571, "percent_covered_display": "86", "missing_lines": 5, "excluded_lines": 0, "percent_statements_covered": 85.71428571428571, "percent_statements_covered_display": "86"}, "missing_lines": [1306, 1316, 1317, 1318, 1337], "excluded_lines": [], "start_line": 1278}, "_detect_port_from_package_json": {"executed_lines": [1350, 1351, 1352, 1354, 1355, 1356, 1357, 1358, 1359, 1361, 1363, 1364, 1365, 1366, 1368, 1371, 1372, 1373, 1374, 1379, 1380, 1382, 1385, 1386, 1389, 1393, 1394, 1397], "summary": {"covered_lines": 28, "num_statements": 31, "percent_covered": 90.3225806451613, "percent_covered_display": "90", "missing_lines": 3, "excluded_lines": 0, "percent_statements_covered": 90.3225806451613, "percent_statements_covered_display": "90"}, "missing_lines": [1375, 1376, 1390], "excluded_lines": [], "start_line": 1342}, "_scan_code_for_ports": {"executed_lines": [1405, 1406, 1410, 1411, 1413, 1414, 1415, 1420, 1421, 1423, 1424, 1425, 1427, 1428, 1429, 1430, 1431, 1432, 1433, 1434, 1435, 1440, 1442, 1447, 1448, 1451, 1452], "summary": {"covered_lines": 27, "num_statements": 35, "percent_covered": 77.14285714285714, "percent_covered_display": "77", "missing_lines": 8, "excluded_lines": 0, "percent_statements_covered": 77.14285714285714, "percent_statements_covered_display": "77"}, "missing_lines": [1422, 1436, 1437, 1438, 1439, 1443, 1444, 1445], "excluded_lines": [], "start_line": 1400}, "_parse_docker_compose_ports": {"executed_lines": [1477, 1478, 1480, 1481, 1482, 1487, 1488], "summary": {"covered_lines": 7, "num_statements": 56, "percent_covered": 12.5, "percent_covered_display": "12", "missing_lines": 49, "excluded_lines": 1, "percent_statements_covered": 12.5, "percent_statements_covered_display": "12"}, "missing_lines": [1483, 1484, 1491, 1492, 1493, 1495, 1496, 1497, 1498, 1499, 1500, 1502, 1503, 1505, 1506, 1507, 1509, 1510, 1511, 1514, 1515, 1516, 1517, 1520, 1522, 1524, 1530, 1531, 1533, 1537, 1538, 1541, 1543, 1544, 1546, 1548, 1549, 1552, 1553, 1556, 1557, 1558, 1559, 1560, 1562, 1563, 1565, 1566, 1568], "excluded_lines": [1456], "start_line": 1455}, "_parse_dockerfile_expose_ports": {"executed_lines": [1580, 1581, 1583, 1584, 1586, 1587, 1588, 1589, 1590, 1591, 1592, 1593, 1594, 1596, 1597, 1598, 1599, 1600, 1601, 1605], "summary": {"covered_lines": 20, "num_statements": 22, "percent_covered": 90.9090909090909, "percent_covered_display": "91", "missing_lines": 2, "excluded_lines": 0, "percent_statements_covered": 90.9090909090909, "percent_statements_covered_display": "91"}, "missing_lines": [1602, 1603], "excluded_lines": [], "start_line": 1571}, "_classify_docker_service": {"executed_lines": [1613, 1615, 1616, 1617, 1618, 1619, 1620, 1621], "summary": {"covered_lines": 8, "num_statements": 8, "percent_covered": 100.0, "percent_covered_display": "100", "missing_lines": 0, "excluded_lines": 0, "percent_statements_covered": 100.0, "percent_statements_covered_display": "100"}, "missing_lines": [], "excluded_lines": [], "start_line": 1608}, "detect_ports_for_project": {"executed_lines": [1651, 1652, 1655, 1657, 1675, 1711, 1713, 1715, 1716, 1717, 1720, 1721, 1722, 1725, 1726, 1727, 1730, 1732, 1736, 1739, 1740, 1741, 1743, 1749, 1750, 1771, 1772, 1775, 1783, 1785, 1787, 1789, 1792, 1795, 1796, 1800, 1803, 1808, 1811, 1814, 1815, 1816, 1818, 1822, 1827, 1828, 1831, 1832, 1843, 1845, 1849, 1853, 1856, 1858, 1859, 1860, 1861, 1864, 1865, 1866, 1867, 1869, 1895, 1896, 1897, 1899, 1900, 1901, 1905, 1908, 1911], "summary": {"covered_lines": 71, "num_statements": 118, "percent_covered": 60.16949152542373, "percent_covered_display": "60", "missing_lines": 47, "excluded_lines": 0, "percent_statements_covered": 60.16949152542373, "percent_statements_covered_display": "60"}, "missing_lines": [1731, 1744, 1752, 1753, 1756, 1757, 1758, 1760, 1763, 1764, 1765, 1767, 1768, 1773, 1788, 1790, 1797, 1801, 1809, 1819, 1823, 1829, 1833, 1840, 1844, 1846, 1850, 1870, 1871, 1872, 1874, 1875, 1877, 1878, 1879, 1882, 1883, 1884, 1885, 1886, 1887, 1889, 1890, 1891, 1892, 1906, 1909], "excluded_lines": [], "start_line": 1624}, "detect_ports_for_project._extract_port": {"executed_lines": [1658, 1659, 1661, 1662, 1663, 1664, 1665, 1666, 1673], "summary": {"covered_lines": 9, "num_statements": 16, "percent_covered": 56.25, "percent_covered_display": "56", "missing_lines": 7, "excluded_lines": 0, "percent_statements_covered": 56.25, "percent_statements_covered_display": "56"}, "missing_lines": [1660, 1667, 1668, 1669, 1670, 1671, 1672], "excluded_lines": [], "start_line": 1657}, "detect_ports_for_project._extract_env_ports": {"executed_lines": [1682, 1683, 1684, 1686, 1687, 1688, 1689, 1690, 1693, 1699, 1705, 1706, 1708], "summary": {"covered_lines": 13, "num_statements": 19, "percent_covered": 68.42105263157895, "percent_covered_display": "68", "missing_lines": 6, "excluded_lines": 0, "percent_statements_covered": 68.42105263157895, "percent_statements_covered_display": "68"}, "missing_lines": [1694, 1695, 1696, 1700, 1701, 1702], "excluded_lines": [], "start_line": 1675}, "_infer_database_port": {"executed_lines": [1944, 1945, 1954, 1961, 1962, 1963, 1966, 1968, 1969, 1970, 1973, 1974, 1975, 1977, 1978, 1979, 1982, 1986, 1997, 1998, 1999, 2000, 2001, 2002, 2005, 2008, 2013, 2014, 2016, 2017, 2018, 2019, 2020, 2024, 2025, 2030], "summary": {"covered_lines": 36, "num_statements": 52, "percent_covered": 69.23076923076923, "percent_covered_display": "69", "missing_lines": 16, "excluded_lines": 0, "percent_statements_covered": 69.23076923076923, "percent_statements_covered_display": "69"}, "missing_lines": [1980, 1981, 1987, 1988, 1990, 1991, 1992, 1993, 1994, 2003, 2006, 2009, 2021, 2022, 2026, 2027], "excluded_lines": [], "start_line": 1935}, "detect_databases": {"executed_lines": [2045, 2048, 2049, 2050, 2051, 2052, 2053, 2054, 2059, 2060, 2062, 2063, 2064, 2065, 2067, 2068, 2069, 2070, 2077, 2078, 2079, 2081, 2082, 2084, 2085, 2086, 2089, 2090, 2091, 2092, 2093, 2094, 2097, 2098, 2099, 2100, 2103, 2104, 2105, 2106, 2108, 2109, 2110, 2112, 2113, 2121, 2122, 2123, 2125, 2130, 2133, 2135], "summary": {"covered_lines": 52, "num_statements": 56, "percent_covered": 92.85714285714286, "percent_covered_display": "93", "missing_lines": 4, "excluded_lines": 0, "percent_statements_covered": 92.85714285714286, "percent_statements_covered_display": "93"}, "missing_lines": [2055, 2056, 2071, 2072], "excluded_lines": [], "start_line": 2033}, "detect_db_and_ports": {"executed_lines": [2156, 2157, 2158], "summary": {"covered_lines": 3, "num_statements": 3, "percent_covered": 100.0, "percent_covered_display": "100", "missing_lines": 0, "excluded_lines": 0, "percent_statements_covered": 100.0, "percent_statements_covered_display": "100"}, "missing_lines": [], "excluded_lines": [], "start_line": 2143}, "detect_framework": {"executed_lines": [2164, 2165, 2166, 2168, 2170, 2212, 2213, 2214, 2215, 2217, 2218, 2219, 2220, 2221, 2224, 2245, 2246, 2257, 2258, 2262, 2263, 2264, 2265, 2266, 2267, 2268, 2269, 2270, 2271, 2272, 2273, 2275, 2276, 2277, 2281, 2282, 2283, 2285, 2286, 2291, 2292, 2293, 2294, 2295, 2298, 2301, 2302, 2303, 2306, 2313, 2323, 2330, 2333, 2334, 2335, 2336, 2337, 2338, 2339, 2340, 2343, 2344, 2349, 2350, 2351, 2352, 2353, 2355, 2356, 2357, 2358, 2359, 2361, 2364, 2365, 2366, 2367, 2370, 2371, 2372, 2375, 2384, 2385, 2386, 2390, 2394, 2396, 2397, 2399, 2401, 2402, 2404, 2405, 2406, 2407, 2408, 2409, 2410, 2411, 2412, 2413, 2414, 2415, 2416, 2417, 2418, 2419, 2420, 2421, 2424, 2425, 2439, 2440, 2441, 2442, 2444, 2446, 2447, 2448, 2449, 2450, 2455, 2456, 2457, 2458, 2459, 2467, 2468, 2469, 2475, 2476, 2481, 2482, 2484, 2485, 2489, 2490, 2491, 2494, 2495, 2496, 2497, 2500, 2502, 2503, 2504, 2505, 2508, 2511, 2512, 2516, 2517, 2518, 2519, 2521], "summary": {"covered_lines": 155, "num_statements": 196, "percent_covered": 79.08163265306122, "percent_covered_display": "79", "missing_lines": 41, "excluded_lines": 0, "percent_statements_covered": 79.08163265306122, "percent_statements_covered_display": "79"}, "missing_lines": [2225, 2226, 2227, 2228, 2230, 2231, 2232, 2233, 2235, 2236, 2237, 2239, 2240, 2241, 2242, 2247, 2252, 2253, 2278, 2279, 2296, 2299, 2315, 2316, 2317, 2318, 2319, 2391, 2392, 2431, 2432, 2452, 2453, 2460, 2513, 2514, 2523, 2524, 2525, 2526, 2527], "excluded_lines": [], "start_line": 2161}, "": {"executed_lines": [1, 2, 3, 4, 5, 6, 7, 8, 18, 63, 121, 135, 171, 176, 182, 187, 191, 196, 199, 207, 254, 327, 357, 379, 401, 450, 509, 620, 658, 694, 739, 787, 806, 814, 831, 969, 995, 1278, 1342, 1400, 1455, 1571, 1608, 1624, 1935, 2033, 2143, 2161], "summary": {"covered_lines": 48, "num_statements": 48, "percent_covered": 100.0, "percent_covered_display": "100", "missing_lines": 0, "excluded_lines": 0, "percent_statements_covered": 100.0, "percent_statements_covered_display": "100"}, "missing_lines": [], "excluded_lines": [], "start_line": 1}}, "classes": {"": {"executed_lines": [1, 2, 3, 4, 5, 6, 7, 8, 18, 63, 121, 135, 171, 176, 182, 187, 191, 196, 199, 201, 203, 204, 207, 209, 211, 212, 213, 214, 215, 221, 222, 223, 224, 225, 227, 228, 229, 230, 231, 233, 234, 235, 236, 237, 238, 239, 240, 241, 242, 243, 244, 245, 246, 248, 249, 251, 254, 257, 303, 314, 321, 322, 324, 327, 329, 335, 336, 338, 339, 340, 342, 343, 344, 345, 347, 348, 349, 354, 357, 359, 360, 362, 363, 364, 365, 366, 367, 368, 369, 370, 371, 372, 376, 379, 381, 382, 386, 387, 388, 389, 390, 391, 392, 393, 394, 395, 398, 401, 403, 404, 409, 410, 411, 413, 414, 415, 416, 418, 420, 421, 424, 427, 428, 429, 430, 432, 438, 440, 441, 443, 450, 453, 454, 456, 457, 458, 460, 461, 462, 464, 465, 466, 467, 468, 470, 471, 472, 473, 475, 476, 477, 478, 480, 481, 483, 484, 485, 486, 493, 494, 496, 497, 498, 499, 501, 503, 504, 506, 509, 512, 513, 515, 516, 518, 519, 520, 521, 522, 523, 524, 525, 529, 530, 531, 532, 533, 534, 535, 536, 537, 541, 542, 551, 552, 561, 562, 563, 564, 565, 567, 568, 570, 571, 572, 573, 575, 576, 577, 578, 580, 581, 582, 584, 585, 586, 587, 588, 589, 596, 597, 600, 601, 602, 603, 604, 605, 606, 607, 609, 611, 612, 614, 620, 625, 633, 634, 635, 638, 639, 640, 641, 643, 644, 645, 646, 647, 648, 649, 650, 651, 652, 653, 655, 658, 664, 665, 666, 667, 668, 669, 670, 671, 672, 673, 674, 675, 676, 677, 682, 683, 684, 687, 688, 689, 690, 691, 694, 701, 702, 703, 705, 706, 708, 709, 710, 711, 715, 716, 717, 719, 720, 721, 722, 723, 724, 726, 728, 729, 734, 736, 739, 752, 754, 755, 757, 758, 760, 761, 763, 764, 767, 768, 769, 772, 773, 776, 777, 781, 782, 784, 787, 792, 793, 794, 795, 796, 797, 798, 799, 800, 801, 802, 806, 807, 808, 809, 810, 811, 814, 821, 822, 823, 824, 825, 826, 828, 831, 838, 840, 841, 843, 844, 847, 848, 851, 852, 853, 854, 855, 856, 857, 858, 859, 860, 865, 866, 867, 868, 869, 870, 871, 872, 873, 874, 875, 880, 881, 882, 883, 884, 885, 886, 887, 888, 890, 894, 895, 898, 899, 900, 902, 903, 904, 905, 908, 909, 912, 913, 914, 915, 916, 917, 918, 919, 920, 921, 922, 927, 930, 931, 932, 933, 935, 936, 943, 944, 945, 946, 947, 951, 952, 964, 966, 969, 978, 980, 981, 982, 984, 985, 986, 991, 992, 995, 1013, 1016, 1019, 1022, 1025, 1028, 1029, 1031, 1032, 1033, 1034, 1035, 1038, 1039, 1040, 1041, 1042, 1043, 1045, 1046, 1047, 1049, 1051, 1052, 1065, 1066, 1067, 1071, 1072, 1075, 1076, 1077, 1078, 1080, 1093, 1094, 1095, 1097, 1098, 1100, 1102, 1104, 1105, 1108, 1109, 1110, 1112, 1124, 1127, 1128, 1129, 1130, 1131, 1136, 1147, 1148, 1149, 1160, 1168, 1169, 1171, 1174, 1175, 1176, 1177, 1181, 1235, 1236, 1237, 1238, 1239, 1241, 1242, 1244, 1246, 1247, 1248, 1250, 1269, 1270, 1272, 1275, 1278, 1285, 1286, 1295, 1296, 1298, 1299, 1304, 1305, 1308, 1309, 1310, 1312, 1313, 1314, 1315, 1320, 1321, 1323, 1324, 1325, 1326, 1327, 1328, 1329, 1330, 1331, 1332, 1334, 1336, 1339, 1342, 1350, 1351, 1352, 1354, 1355, 1356, 1357, 1358, 1359, 1361, 1363, 1364, 1365, 1366, 1368, 1371, 1372, 1373, 1374, 1379, 1380, 1382, 1385, 1386, 1389, 1393, 1394, 1397, 1400, 1405, 1406, 1410, 1411, 1413, 1414, 1415, 1420, 1421, 1423, 1424, 1425, 1427, 1428, 1429, 1430, 1431, 1432, 1433, 1434, 1435, 1440, 1442, 1447, 1448, 1451, 1452, 1455, 1477, 1478, 1480, 1481, 1482, 1487, 1488, 1571, 1580, 1581, 1583, 1584, 1586, 1587, 1588, 1589, 1590, 1591, 1592, 1593, 1594, 1596, 1597, 1598, 1599, 1600, 1601, 1605, 1608, 1613, 1615, 1616, 1617, 1618, 1619, 1620, 1621, 1624, 1651, 1652, 1655, 1657, 1658, 1659, 1661, 1662, 1663, 1664, 1665, 1666, 1673, 1675, 1682, 1683, 1684, 1686, 1687, 1688, 1689, 1690, 1693, 1699, 1705, 1706, 1708, 1711, 1713, 1715, 1716, 1717, 1720, 1721, 1722, 1725, 1726, 1727, 1730, 1732, 1736, 1739, 1740, 1741, 1743, 1749, 1750, 1771, 1772, 1775, 1783, 1785, 1787, 1789, 1792, 1795, 1796, 1800, 1803, 1808, 1811, 1814, 1815, 1816, 1818, 1822, 1827, 1828, 1831, 1832, 1843, 1845, 1849, 1853, 1856, 1858, 1859, 1860, 1861, 1864, 1865, 1866, 1867, 1869, 1895, 1896, 1897, 1899, 1900, 1901, 1905, 1908, 1911, 1935, 1944, 1945, 1954, 1961, 1962, 1963, 1966, 1968, 1969, 1970, 1973, 1974, 1975, 1977, 1978, 1979, 1982, 1986, 1997, 1998, 1999, 2000, 2001, 2002, 2005, 2008, 2013, 2014, 2016, 2017, 2018, 2019, 2020, 2024, 2025, 2030, 2033, 2045, 2048, 2049, 2050, 2051, 2052, 2053, 2054, 2059, 2060, 2062, 2063, 2064, 2065, 2067, 2068, 2069, 2070, 2077, 2078, 2079, 2081, 2082, 2084, 2085, 2086, 2089, 2090, 2091, 2092, 2093, 2094, 2097, 2098, 2099, 2100, 2103, 2104, 2105, 2106, 2108, 2109, 2110, 2112, 2113, 2121, 2122, 2123, 2125, 2130, 2133, 2135, 2143, 2156, 2157, 2158, 2161, 2164, 2165, 2166, 2168, 2170, 2212, 2213, 2214, 2215, 2217, 2218, 2219, 2220, 2221, 2224, 2245, 2246, 2257, 2258, 2262, 2263, 2264, 2265, 2266, 2267, 2268, 2269, 2270, 2271, 2272, 2273, 2275, 2276, 2277, 2281, 2282, 2283, 2285, 2286, 2291, 2292, 2293, 2294, 2295, 2298, 2301, 2302, 2303, 2306, 2313, 2323, 2330, 2333, 2334, 2335, 2336, 2337, 2338, 2339, 2340, 2343, 2344, 2349, 2350, 2351, 2352, 2353, 2355, 2356, 2357, 2358, 2359, 2361, 2364, 2365, 2366, 2367, 2370, 2371, 2372, 2375, 2384, 2385, 2386, 2390, 2394, 2396, 2397, 2399, 2401, 2402, 2404, 2405, 2406, 2407, 2408, 2409, 2410, 2411, 2412, 2413, 2414, 2415, 2416, 2417, 2418, 2419, 2420, 2421, 2424, 2425, 2439, 2440, 2441, 2442, 2444, 2446, 2447, 2448, 2449, 2450, 2455, 2456, 2457, 2458, 2459, 2467, 2468, 2469, 2475, 2476, 2481, 2482, 2484, 2485, 2489, 2490, 2491, 2494, 2495, 2496, 2497, 2500, 2502, 2503, 2504, 2505, 2508, 2511, 2512, 2516, 2517, 2518, 2519, 2521], "summary": {"covered_lines": 986, "num_statements": 1289, "percent_covered": 76.49340574088441, "percent_covered_display": "76", "missing_lines": 303, "excluded_lines": 1, "percent_statements_covered": 76.49340574088441, "percent_statements_covered_display": "76"}, "missing_lines": [202, 351, 352, 373, 374, 396, 397, 434, 435, 436, 445, 446, 447, 487, 488, 490, 491, 526, 527, 538, 539, 543, 544, 545, 546, 547, 548, 549, 553, 554, 555, 556, 557, 558, 559, 590, 591, 593, 594, 636, 678, 679, 712, 713, 861, 862, 876, 877, 889, 891, 892, 923, 924, 925, 926, 937, 938, 939, 940, 949, 988, 989, 1132, 1133, 1134, 1137, 1138, 1139, 1150, 1151, 1152, 1178, 1179, 1182, 1183, 1184, 1185, 1187, 1188, 1189, 1190, 1191, 1192, 1193, 1195, 1196, 1198, 1199, 1200, 1202, 1203, 1206, 1207, 1208, 1209, 1210, 1211, 1212, 1214, 1215, 1218, 1219, 1220, 1221, 1222, 1223, 1225, 1226, 1231, 1232, 1251, 1258, 1259, 1267, 1273, 1306, 1316, 1317, 1318, 1337, 1375, 1376, 1390, 1422, 1436, 1437, 1438, 1439, 1443, 1444, 1445, 1483, 1484, 1491, 1492, 1493, 1495, 1496, 1497, 1498, 1499, 1500, 1502, 1503, 1505, 1506, 1507, 1509, 1510, 1511, 1514, 1515, 1516, 1517, 1520, 1522, 1524, 1530, 1531, 1533, 1537, 1538, 1541, 1543, 1544, 1546, 1548, 1549, 1552, 1553, 1556, 1557, 1558, 1559, 1560, 1562, 1563, 1565, 1566, 1568, 1602, 1603, 1660, 1667, 1668, 1669, 1670, 1671, 1672, 1694, 1695, 1696, 1700, 1701, 1702, 1731, 1744, 1752, 1753, 1756, 1757, 1758, 1760, 1763, 1764, 1765, 1767, 1768, 1773, 1788, 1790, 1797, 1801, 1809, 1819, 1823, 1829, 1833, 1840, 1844, 1846, 1850, 1870, 1871, 1872, 1874, 1875, 1877, 1878, 1879, 1882, 1883, 1884, 1885, 1886, 1887, 1889, 1890, 1891, 1892, 1906, 1909, 1980, 1981, 1987, 1988, 1990, 1991, 1992, 1993, 1994, 2003, 2006, 2009, 2021, 2022, 2026, 2027, 2055, 2056, 2071, 2072, 2225, 2226, 2227, 2228, 2230, 2231, 2232, 2233, 2235, 2236, 2237, 2239, 2240, 2241, 2242, 2247, 2252, 2253, 2278, 2279, 2296, 2299, 2315, 2316, 2317, 2318, 2319, 2391, 2392, 2431, 2432, 2452, 2453, 2460, 2513, 2514, 2523, 2524, 2525, 2526, 2527], "excluded_lines": [1456], "start_line": 1}}}}, "totals": {"covered_lines": 1232, "num_statements": 1701, "percent_covered": 72.42798353909465, "percent_covered_display": "72", "missing_lines": 469, "excluded_lines": 1, "percent_statements_covered": 72.42798353909465, "percent_statements_covered_display": "72"}}