============================= test session starts =============================
platform win32 -- Python 3.13.9, pytest-9.0.2, pluggy-1.6.0 -- C:\Users\abdul\Downloads\devops-autopilot\devops-autopilot\backend-python\venv\Scripts\python.exe
cachedir: .pytest_cache
rootdir: C:\Users\abdul\Downloads\devops-autopilot\devops-autopilot\backend-python
plugins: anyio-4.12.1
collecting ... collected 218 items

tests/test_detector.py::TestHeuristicLanguageDetection::test_detect_go_by_go_mod PASSED [  0%]
tests/test_detector.py::TestHeuristicLanguageDetection::test_detect_java_by_pom_xml PASSED [  0%]
tests/test_detector.py::TestHeuristicLanguageDetection::test_detect_javascript_by_package_json PASSED [  1%]
tests/test_detector.py::TestHeuristicLanguageDetection::test_detect_python_by_extension PASSED [  1%]
tests/test_detector.py::TestHeuristicLanguageDetection::test_detect_python_by_import_statements PASSED [  2%]
tests/test_detector.py::TestHeuristicLanguageDetection::test_detect_python_by_requirements_file PASSED [  2%]
tests/test_detector.py::TestHeuristicLanguageDetection::test_detect_typescript_by_tsconfig PASSED [  3%]
tests/test_detector.py::TestHeuristicLanguageDetection::test_unknown_language_empty_directory PASSED [  3%]
tests/test_detector.py::TestHeuristicFrameworkDetection::test_detect_django_framework PASSED [  4%]
tests/test_detector.py::TestHeuristicFrameworkDetection::test_detect_express_framework PASSED [  4%]
tests/test_detector.py::TestHeuristicFrameworkDetection::test_detect_fastapi_framework PASSED [  5%]
tests/test_detector.py::TestHeuristicFrameworkDetection::test_detect_flask_framework PASSED [  5%]
tests/test_detector.py::TestHeuristicFrameworkDetection::test_detect_nextjs_framework PASSED [  5%]
tests/test_detector.py::TestHeuristicFrameworkDetection::test_detect_react_framework PASSED [  6%]
tests/test_detector.py::TestHeuristicFrameworkDetection::test_unknown_framework_no_dependencies PASSED [  6%]
tests/test_detector.py::TestParseDependenciesFile::test_parse_go_mod PASSED [  7%]
tests/test_detector.py::TestParseDependenciesFile::test_parse_package_json PASSED [  7%]
tests/test_detector.py::TestParseDependenciesFile::test_parse_requirements_txt PASSED [  8%]
tests/test_detector.py::TestDetectDockerFiles::test_detect_docker_compose_present PASSED [  8%]
tests/test_detector.py::TestDetectDockerFiles::test_detect_dockerfile_present PASSED [  9%]
tests/test_detector.py::TestDetectDockerFiles::test_no_docker_files PASSED [  9%]
tests/test_detector.py::TestDetectEnvVariables::test_detect_env_example_file PASSED [ 10%]
tests/test_detector.py::TestDetectEnvVariables::test_detect_env_variables PASSED [ 10%]
tests/test_detector.py::TestFindProjectRoot::test_find_root_at_current_level PASSED [ 11%]
tests/test_detector.py::TestFindProjectRoot::test_find_root_with_package_json PASSED [ 11%]
tests/test_detector.py::TestGetRuntimeInfo::test_java_runtime_info PASSED [ 11%]
tests/test_detector.py::TestGetRuntimeInfo::test_javascript_runtime_info PASSED [ 12%]
tests/test_detector.py::TestGetRuntimeInfo::test_python_runtime_info PASSED [ 12%]
tests/test_detector.py::TestDetectFullstackStructure::test_detect_fullstack_structure PASSED [ 13%]
tests/test_detector.py::TestDetectFullstackStructure::test_detect_monolithic_structure PASSED [ 13%]
tests/test_detector_exhaustive.py::TestParseDependenciesFile::test_requirements_txt[pinned] PASSED [ 14%]
tests/test_detector_exhaustive.py::TestParseDependenciesFile::test_requirements_txt[comments_blanks] PASSED [ 14%]
tests/test_detector_exhaustive.py::TestParseDependenciesFile::test_requirements_txt[flags_skipped] PASSED [ 15%]
tests/test_detector_exhaustive.py::TestParseDependenciesFile::test_requirements_txt[extras_stripped] PASSED [ 15%]
tests/test_detector_exhaustive.py::TestParseDependenciesFile::test_requirements_txt[empty] PASSED [ 16%]
tests/test_detector_exhaustive.py::TestParseDependenciesFile::test_requirements_txt[only_comments] PASSED [ 16%]
tests/test_detector_exhaustive.py::TestParseDependenciesFile::test_package_json[merge] PASSED [ 16%]
tests/test_detector_exhaustive.py::TestParseDependenciesFile::test_package_json[deps_only] PASSED [ 17%]
tests/test_detector_exhaustive.py::TestParseDependenciesFile::test_package_json[empty_json] PASSED [ 17%]
tests/test_detector_exhaustive.py::TestParseDependenciesFile::test_package_json_bad_json PASSED [ 18%]
tests/test_detector_exhaustive.py::TestParseDependenciesFile::test_pom_xml PASSED [ 18%]
tests/test_detector_exhaustive.py::TestParseDependenciesFile::test_go_mod PASSED [ 19%]
tests/test_detector_exhaustive.py::TestParseDependenciesFile::test_dependencies_capped_at_50 PASSED [ 19%]
tests/test_detector_exhaustive.py::TestParseDependenciesFile::test_unknown_file_type PASSED [ 20%]
tests/test_detector_exhaustive.py::TestEnvParsing::test_detects_env_keys[.env] PASSED [ 20%]
tests/test_detector_exhaustive.py::TestEnvParsing::test_detects_env_keys[.env.example] PASSED [ 21%]
tests/test_detector_exhaustive.py::TestEnvParsing::test_detects_env_keys[.env.local] PASSED [ 21%]
tests/test_detector_exhaustive.py::TestEnvParsing::test_skips_comments_and_blanks PASSED [ 22%]
tests/test_detector_exhaustive.py::TestEnvParsing::test_read_key_values PASSED [ 22%]
tests/test_detector_exhaustive.py::TestEnvParsing::test_multiple_env_files_merged PASSED [ 22%]
tests/test_detector_exhaustive.py::TestEnvParsing::test_no_env_files PASSED [ 23%]
tests/test_detector_exhaustive.py::TestFindProjectRoot::test_root_has_package_json PASSED [ 23%]
tests/test_detector_exhaustive.py::TestFindProjectRoot::test_nested_single_folder PASSED [ 24%]
tests/test_detector_exhaustive.py::TestFindProjectRoot::test_deeply_nested PASSED [ 24%]
tests/test_detector_exhaustive.py::TestFindProjectRoot::test_max_depth_honoured PASSED [ 25%]
tests/test_detector_exhaustive.py::TestFindProjectRoot::test_multiple_siblings_stays PASSED [ 25%]
tests/test_detector_exhaustive.py::TestFindProjectRoot::test_ignores_infrastructure_dirs PASSED [ 26%]
tests/test_detector_exhaustive.py::TestScanJsForPortHint::test_detects_port[env_or_fallback] PASSED [ 26%]
tests/test_detector_exhaustive.py::TestScanJsForPortHint::test_detects_port[app_listen] PASSED [ 27%]
tests/test_detector_exhaustive.py::TestScanJsForPortHint::test_detects_port[server_listen] PASSED [ 27%]
tests/test_detector_exhaustive.py::TestScanJsForPortHint::test_detects_port[env_var] PASSED [ 27%]
tests/test_detector_exhaustive.py::TestScanJsForPortHint::test_ignores_node_modules PASSED [ 28%]
tests/test_detector_exhaustive.py::TestScanJsForPortHint::test_no_port_returns_none PASSED [ 28%]
tests/test_detector_exhaustive.py::TestScanJsForPortHint::test_ts_files_scanned PASSED [ 29%]
tests/test_detector_exhaustive.py::TestScanJsForPortHint::test_port_below_1024_ignored PASSED [ 29%]
tests/test_detector_exhaustive.py::TestDetectPortFromPackageJson::test_explicit_port_in_script PASSED [ 30%]
tests/test_detector_exhaustive.py::TestDetectPortFromPackageJson::test_vite_default_for_frontend PASSED [ 30%]
tests/test_detector_exhaustive.py::TestDetectPortFromPackageJson::test_no_package_json PASSED [ 31%]
tests/test_detector_exhaustive.py::TestDetectPortFromPackageJson::test_bad_json PASSED [ 31%]
tests/test_detector_exhaustive.py::TestDetectPortFromPackageJson::test_defaults_to_3000 PASSED [ 32%]
tests/test_detector_exhaustive.py::TestDetectPortFromPackageJson::test_port_patterns[PORT_equals] PASSED [ 32%]
tests/test_detector_exhaustive.py::TestDetectPortFromPackageJson::test_port_patterns[cross_env_PORT] PASSED [ 33%]
tests/test_detector_exhaustive.py::TestScanCodeForPorts::test_generic_port_patterns[python_bind] PASSED [ 33%]
tests/test_detector_exhaustive.py::TestScanCodeForPorts::test_generic_port_patterns[go_listen] PASSED [ 33%]
tests/test_detector_exhaustive.py::TestScanCodeForPorts::test_generic_port_patterns[js_listen_no_match] PASSED [ 34%]
tests/test_detector_exhaustive.py::TestScanCodeForPorts::test_generic_port_patterns[localhost_port] PASSED [ 34%]
tests/test_detector_exhaustive.py::TestScanCodeForPorts::test_ignores_venv PASSED [ 35%]
tests/test_detector_exhaustive.py::TestClassifyDockerService::test_classification[frontend] PASSED [ 35%]
tests/test_detector_exhaustive.py::TestClassifyDockerService::test_classification[client] PASSED [ 36%]
tests/test_detector_exhaustive.py::TestClassifyDockerService::test_classification[web] PASSED [ 36%]
tests/test_detector_exhaustive.py::TestClassifyDockerService::test_classification[ui] PASSED [ 37%]
tests/test_detector_exhaustive.py::TestClassifyDockerService::test_classification[backend] PASSED [ 37%]
tests/test_detector_exhaustive.py::TestClassifyDockerService::test_classification[api] PASSED [ 38%]
tests/test_detector_exhaustive.py::TestClassifyDockerService::test_classification[server] PASSED [ 38%]
tests/test_detector_exhaustive.py::TestClassifyDockerService::test_classification[app] PASSED [ 38%]
tests/test_detector_exhaustive.py::TestClassifyDockerService::test_classification[mongo] PASSED [ 39%]
tests/test_detector_exhaustive.py::TestClassifyDockerService::test_classification[postgres] PASSED [ 39%]
tests/test_detector_exhaustive.py::TestClassifyDockerService::test_classification[redis] PASSED [ 40%]
tests/test_detector_exhaustive.py::TestClassifyDockerService::test_classification[mysql] PASSED [ 40%]
tests/test_detector_exhaustive.py::TestClassifyDockerService::test_classification[db] PASSED [ 41%]
tests/test_detector_exhaustive.py::TestClassifyDockerService::test_classification[worker] PASSED [ 41%]
tests/test_detector_exhaustive.py::TestClassifyDockerService::test_classification[nginx] PASSED [ 42%]
tests/test_detector_exhaustive.py::TestDockerfileExposePorts::test_single_expose PASSED [ 42%]
tests/test_detector_exhaustive.py::TestDockerfileExposePorts::test_multiple_expose PASSED [ 43%]
tests/test_detector_exhaustive.py::TestDockerfileExposePorts::test_expose_with_protocol PASSED [ 43%]
tests/test_detector_exhaustive.py::TestDockerfileExposePorts::test_no_dockerfile PASSED [ 44%]
tests/test_detector_exhaustive.py::TestDetectDockerFiles::test_detects_both PASSED [ 44%]
tests/test_detector_exhaustive.py::TestDetectDockerFiles::test_detects_none PASSED [ 44%]
tests/test_detector_exhaustive.py::TestInferDatabasePort::test_infer_port[mongo_env] PASSED [ 45%]
tests/test_detector_exhaustive.py::TestInferDatabasePort::test_infer_port[pg_generic] PASSED [ 45%]
tests/test_detector_exhaustive.py::TestInferDatabasePort::test_infer_port[pg_compose_host] PASSED [ 46%]
tests/test_detector_exhaustive.py::TestInferDatabasePort::test_infer_port[mysql_default] PASSED [ 46%]
tests/test_detector_exhaustive.py::TestInferDatabasePort::test_infer_port[redis_default] PASSED [ 47%]
tests/test_detector_exhaustive.py::TestInferDatabasePort::test_infer_port[sqlite_none] PASSED [ 47%]
tests/test_detector_exhaustive.py::TestInferDatabasePort::test_infer_port[unknown_none] PASSED [ 48%]
tests/test_detector_exhaustive.py::TestInferDatabasePort::test_infer_port[mongo_connstr] PASSED [ 48%]
tests/test_detector_exhaustive.py::TestDetectDatabases::test_mongo_from_dependency PASSED [ 49%]
tests/test_detector_exhaustive.py::TestDetectDatabases::test_postgres_from_env PASSED [ 49%]
tests/test_detector_exhaustive.py::TestDetectDatabases::test_redis_from_compose PASSED [ 50%]
tests/test_detector_exhaustive.py::TestDetectDatabases::test_no_db_detected PASSED [ 50%]
tests/test_detector_exhaustive.py::TestDetectDatabases::test_multiple_databases_scored PASSED [ 50%]
tests/test_detector_exhaustive.py::TestDetectDatabases::test_cloud_env_uri PASSED [ 51%]
tests/test_detector_exhaustive.py::TestDetectDatabases::test_nested_backend_env PASSED [ 51%]
tests/test_detector_exhaustive.py::TestFullstackStructure::test_typical_fullstack[backend_frontend] PASSED [ 52%]
tests/test_detector_exhaustive.py::TestFullstackStructure::test_typical_fullstack[server_client] PASSED [ 52%]
tests/test_detector_exhaustive.py::TestFullstackStructure::test_typical_fullstack[api_web] PASSED [ 53%]
tests/test_detector_exhaustive.py::TestFullstackStructure::test_typical_fullstack[app_ui] PASSED [ 53%]
tests/test_detector_exhaustive.py::TestFullstackStructure::test_backend_only PASSED [ 54%]
tests/test_detector_exhaustive.py::TestFullstackStructure::test_no_structure PASSED [ 54%]
tests/test_detector_exhaustive.py::TestFullstackStructure::test_folder_without_package_json PASSED [ 55%]
tests/test_detector_exhaustive.py::TestInferServiceType::test_backend_from_deps PASSED [ 55%]
tests/test_detector_exhaustive.py::TestInferServiceType::test_frontend_from_deps PASSED [ 55%]
tests/test_detector_exhaustive.py::TestInferServiceType::test_monolith_from_deps PASSED [ 56%]
tests/test_detector_exhaustive.py::TestInferServiceType::test_name_fallback_backend PASSED [ 56%]
tests/test_detector_exhaustive.py::TestInferServiceType::test_name_fallback_frontend PASSED [ 57%]
tests/test_detector_exhaustive.py::TestInferServiceType::test_name_fallback_other PASSED [ 57%]
tests/test_detector_exhaustive.py::TestDetectPackageManager::test_detects_manager[yarn] PASSED [ 58%]
tests/test_detector_exhaustive.py::TestDetectPackageManager::test_detects_manager[pnpm] PASSED [ 58%]
tests/test_detector_exhaustive.py::TestDetectPackageManager::test_detects_manager[npm_lock] PASSED [ 59%]
tests/test_detector_exhaustive.py::TestDetectPackageManager::test_detects_manager[npm_no_lock] PASSED [ 59%]
tests/test_detector_exhaustive.py::TestHeuristicLanguageDetection::test_detects_language[python] PASSED [ 60%]
tests/test_detector_exhaustive.py::TestHeuristicLanguageDetection::test_detects_language[javascript] PASSED [ 60%]
tests/test_detector_exhaustive.py::TestHeuristicLanguageDetection::test_detects_language[java] PASSED [ 61%]
tests/test_detector_exhaustive.py::TestHeuristicLanguageDetection::test_detects_language[go] PASSED [ 61%]
tests/test_detector_exhaustive.py::TestHeuristicLanguageDetection::test_typescript_detected_with_tsconfig PASSED [ 61%]
tests/test_detector_exhaustive.py::TestHeuristicLanguageDetection::test_empty_dir PASSED [ 62%]
tests/test_detector_exhaustive.py::TestHeuristicFrameworkDetection::test_detects_framework[express] PASSED [ 62%]
tests/test_detector_exhaustive.py::TestHeuristicFrameworkDetection::test_detects_framework[react] PASSED [ 63%]
tests/test_detector_exhaustive.py::TestHeuristicFrameworkDetection::test_detects_framework[nextjs] PASSED [ 63%]
tests/test_detector_exhaustive.py::TestHeuristicFrameworkDetection::test_detects_framework[flask] PASSED [ 64%]
tests/test_detector_exhaustive.py::TestHeuristicFrameworkDetection::test_detects_framework[django] PASSED [ 64%]
tests/test_detector_exhaustive.py::TestHeuristicFrameworkDetection::test_detects_framework[fastapi] PASSED [ 65%]
tests/test_detector_exhaustive.py::TestHeuristicFrameworkDetection::test_penalises_language_mismatch PASSED [ 65%]
tests/test_detector_exhaustive.py::TestHeuristicFrameworkDetection::test_unknown_project PASSED [ 66%]
tests/test_detector_exhaustive.py::TestGetRuntimeInfo::test_runtime_selection[node] PASSED [ 66%]
tests/test_detector_exhaustive.py::TestGetRuntimeInfo::test_runtime_selection[flask] PASSED [ 66%]
tests/test_detector_exhaustive.py::TestGetRuntimeInfo::test_runtime_selection[django] PASSED [ 67%]
tests/test_detector_exhaustive.py::TestGetRuntimeInfo::test_runtime_selection[spring] PASSED [ 67%]
tests/test_detector_exhaustive.py::TestGetRuntimeInfo::test_runtime_selection[go] PASSED [ 68%]
tests/test_detector_exhaustive.py::TestDetectFrameworkOrchestrator::test_express_backend_detected PASSED [ 68%]
tests/test_detector_exhaustive.py::TestDetectFrameworkOrchestrator::test_empty_project PASSED [ 69%]
tests/test_detector_exhaustive.py::TestDetectFrameworkOrchestrator::test_react_frontend_detected PASSED [ 69%]
tests/test_detector_exhaustive.py::TestDeployBlockedLogic::test_blocked_when_db_and_no_env PASSED [ 70%]
tests/test_detector_exhaustive.py::TestDeployBlockedLogic::test_warning_when_no_db_no_env PASSED [ 70%]
tests/test_detector_exhaustive.py::TestDeployBlockedLogic::test_not_blocked_with_env PASSED [ 71%]
tests/test_detector_exhaustive.py::TestDeployBlockedLogic::test_frontend_only_not_blocked PASSED [ 71%]
tests/test_detector_exhaustive.py::TestDeployBlockedLogic::test_fullstack_mern_with_env PASSED [ 72%]
tests/test_detector_exhaustive.py::TestCloudDatabaseClearing::test_cloud_db_clears_port PASSED [ 72%]
tests/test_detector_exhaustive.py::TestDepBasedServiceDiscovery::test_non_standard_backend_name PASSED [ 72%]
tests/test_detector_exhaustive.py::TestDepBasedServiceDiscovery::test_non_standard_frontend_name PASSED [ 73%]
tests/test_detector_exhaustive.py::TestDepBasedServiceDiscovery::test_discovers_multiple_non_standard_folders PASSED [ 73%]
tests/test_detector_exhaustive.py::TestDepBasedServiceDiscovery::test_skips_node_modules PASSED [ 74%]
tests/test_detector_exhaustive.py::TestDepBasedServiceDiscovery::test_skips_no_deps PASSED [ 74%]
tests/test_detector_exhaustive.py::TestMonolithDetection::test_monolith_detected PASSED [ 75%]
tests/test_detector_exhaustive.py::TestMonolithDetection::test_monolith_stub_from_deps PASSED [ 75%]
tests/test_detector_exhaustive.py::TestRootSuppression::test_suppresses_root_when_children_found PASSED [ 76%]
tests/test_detector_exhaustive.py::TestRootSuppression::test_keeps_root_monolith PASSED [ 76%]
tests/test_detector_exhaustive.py::TestRootSuppression::test_keeps_root_when_only_service PASSED [ 77%]
tests/test_detector_exhaustive.py::TestRootSuppression::test_keeps_root_with_single_child PASSED [ 77%]
tests/test_docker_pipeline.py::TestDockerfileToServiceMatching::test_named_match_correct_order PASSED [ 77%]
tests/test_docker_pipeline.py::TestDockerfileToServiceMatching::test_positional_match_wrong_order PASSED [ 78%]
tests/test_docker_pipeline.py::TestDockerfileToServiceMatching::test_single_service_root_dockerfile PASSED [ 78%]
tests/test_docker_pipeline.py::TestDockerfileToServiceMatching::test_three_services_correct_mapping PASSED [ 79%]
tests/test_docker_pipeline.py::TestProjectRootConsistency::test_collect_from_extracted_path_finds_nested PASSED [ 79%]
tests/test_docker_pipeline.py::TestProjectRootConsistency::test_collect_from_project_root_finds_directly PASSED [ 80%]
tests/test_docker_pipeline.py::TestNextJsPromptCoverage::test_build_message_nextjs_service PASSED [ 80%]
tests/test_docker_pipeline.py::TestNextJsPromptCoverage::test_nextjs_metadata_in_message PASSED [ 81%]
tests/test_docker_pipeline.py::TestNextJsPromptCoverage::test_nextjs_service_definition PASSED [ 81%]
tests/test_docker_pipeline.py::TestNextJsPromptCoverage::test_prompt_mentions_nextjs PASSED [ 82%]
tests/test_docker_pipeline.py::TestTypeScriptBackendPromptCoverage::test_prompt_allows_ts_build PASSED [ 82%]
tests/test_docker_pipeline.py::TestTypeScriptBackendPromptCoverage::test_ts_backend_correct_dockerfile PASSED [ 83%]
tests/test_docker_pipeline.py::TestTypeScriptBackendPromptCoverage::test_typescript_backend_service_message PASSED [ 83%]
tests/test_docker_pipeline.py::TestDockerignoreGeneration::test_default_dockerignore_content PASSED [ 83%]
tests/test_docker_pipeline.py::TestDockerignoreGeneration::test_existing_dockerignore_not_overwritten PASSED [ 84%]
tests/test_docker_pipeline.py::TestDockerignoreGeneration::test_no_dockerignore_exists PASSED [ 84%]
tests/test_docker_pipeline.py::TestComposeYamlExtraction::test_compose_with_extra_text PASSED [ 85%]
tests/test_docker_pipeline.py::TestComposeYamlExtraction::test_compose_with_yml_variant PASSED [ 85%]
tests/test_docker_pipeline.py::TestComposeYamlExtraction::test_multiple_yaml_blocks_picks_compose PASSED [ 86%]
tests/test_docker_pipeline.py::TestComposeYamlExtraction::test_no_compose_in_response PASSED [ 86%]
tests/test_docker_pipeline.py::TestComposeYamlExtraction::test_standard_format PASSED [ 87%]
tests/test_docker_pipeline.py::TestComposeYamlExtraction::test_without_yaml_language_tag PASSED [ 87%]
tests/test_docker_pipeline.py::TestDockerfileExtraction::test_malformed_no_dockerfiles PASSED [ 88%]
tests/test_docker_pipeline.py::TestDockerfileExtraction::test_nested_path PASSED [ 88%]
tests/test_docker_pipeline.py::TestDockerfileExtraction::test_root_dockerfile PASSED [ 88%]
tests/test_docker_pipeline.py::TestDockerfileExtraction::test_standard_backend_frontend PASSED [ 89%]
tests/test_docker_pipeline.py::TestDockerfileExtraction::test_without_dockerfile_lang_tag PASSED [ 89%]
tests/test_docker_pipeline.py::TestFallbackTemplates::test_backend_fallback PASSED [ 90%]
tests/test_docker_pipeline.py::TestFallbackTemplates::test_backend_fallback_defaults PASSED [ 90%]
tests/test_docker_pipeline.py::TestFallbackTemplates::test_backend_fallback_pnpm PASSED [ 91%]
tests/test_docker_pipeline.py::TestFallbackTemplates::test_backend_fallback_yarn PASSED [ 91%]
tests/test_docker_pipeline.py::TestFallbackTemplates::test_frontend_fallback_cra PASSED [ 92%]
tests/test_docker_pipeline.py::TestFallbackTemplates::test_frontend_fallback_vite PASSED [ 92%]
tests/test_docker_pipeline.py::TestBuildMessageMERNVariations::test_backend_only_message PASSED [ 93%]
tests/test_docker_pipeline.py::TestBuildMessageMERNVariations::test_frontend_only_message PASSED [ 93%]
tests/test_docker_pipeline.py::TestBuildMessageMERNVariations::test_fullstack_mern_message PASSED [ 94%]
tests/test_docker_pipeline.py::TestBuildMessageMERNVariations::test_validate_mode_includes_existing_files PASSED [ 94%]
tests/test_docker_pipeline.py::TestEnsureComposeEnvFiles::test_creates_missing_env_file PASSED [ 94%]
tests/test_docker_pipeline.py::TestEnsureComposeEnvFiles::test_does_not_overwrite_existing_env PASSED [ 95%]
tests/test_docker_pipeline.py::TestContextAwareBlocking::test_blocked_when_db_and_no_env PASSED [ 95%]
tests/test_docker_pipeline.py::TestContextAwareBlocking::test_not_blocked_frontend_only PASSED [ 96%]
tests/test_docker_pipeline.py::TestContextAwareBlocking::test_not_blocked_when_env_present PASSED [ 96%]
tests/test_docker_pipeline.py::TestDeployWarningDowngrade::test_no_warning_when_db_present_and_env_missing PASSED [ 97%]
tests/test_docker_pipeline.py::TestDeployWarningDowngrade::test_no_warning_when_env_present PASSED [ 97%]
tests/test_docker_pipeline.py::TestDeployWarningDowngrade::test_warning_when_no_db_no_env PASSED [ 98%]
tests/test_docker_pipeline.py::TestFallbackEnvPortInPrompt::test_env_port_before_expose PASSED [ 98%]
tests/test_docker_pipeline.py::TestFallbackEnvPortInPrompt::test_prompt_has_env_port PASSED [ 99%]
tests/test_docker_pipeline.py::TestControllerDeployBlockedRecheck::test_controller_blocks_with_db PASSED [ 99%]
tests/test_docker_pipeline.py::TestControllerDeployBlockedRecheck::test_controller_warns_without_db PASSED [100%]

============================== warnings summary ===============================
<frozen importlib._bootstrap>:488
  <frozen importlib._bootstrap>:488: DeprecationWarning: builtin type SwigPyPacked has no __module__ attribute

<frozen importlib._bootstrap>:488
  <frozen importlib._bootstrap>:488: DeprecationWarning: builtin type SwigPyObject has no __module__ attribute

app\config\settings.py:6
  C:\Users\abdul\Downloads\devops-autopilot\devops-autopilot\backend-python\app\config\settings.py:6: PydanticDeprecatedSince20: Support for class-based `config` is deprecated, use ConfigDict instead. Deprecated in Pydantic V2.0 to be removed in V3.0. See Pydantic V2 Migration Guide at https://errors.pydantic.dev/2.12/migration/
    class Settings(BaseSettings):

-- Docs: https://docs.pytest.org/en/stable/how-to/capture-warnings.html
================= 218 passed, 3 warnings in 71.69s (0:01:11) ==================
venv\Scripts\pytest : <sys>:0: DeprecationWarning: builtin type swigvarlink 
has no __module__ attribute
At line:1 char:1
+ venv\Scripts\pytest -v tests/test_detector.py tests/test_detector_exh ...
+ ~~~~~~~~~~~~~~~~~~~~~~~~~~~~~~~~~~~~~~~~~~~~~~~~~~~~~~~~~~~~~~~~~~~~~
    + CategoryInfo          : NotSpecified: (<sys>:0: Deprec...ule__ attribute 
   :String) [], RemoteException
    + FullyQualifiedErrorId : NativeCommandError
 
